<?xml version="1.0" encoding="UTF-8"?>
<!-- Generated by org.testng.reporters.JUnitXMLReporter -->
<testsuite ignored="0" hostname="MAVBCP3163" failures="0" tests="5" name="Default test" time="19.217" errors="0" timestamp="2022-01-13T15:23:34 IST">
  <testcase classname="com.test.example.calculator" name="sum" time="2.944"/>
  <testcase classname="com.test.example.calculator" name="subtraction" time="2.407"/>
  <testcase classname="com.test.example.calculator" name="multiplication" time="2.402"/>
  <testcase classname="com.test.example.calculator" name="division" time="2.686"/>
  <testcase classname="com.test.example.calculator" name="Modulo" time="2.362"/>
</testsuite> <!-- Default test -->
