<?xml version="1.0" encoding="UTF-8"?>
<!-- Generated by org.testng.reporters.JUnitXMLReporter -->
<testsuite ignored="0" hostname="MAVBCP3163" failures="1" tests="1" name="Multiple Browser Test1" time="0.183" errors="0" timestamp="2022-01-16T17:55:17 IST">
  <testcase classname="com.tests.examples.MultiBrowser" name="setup" time="0.092">
    <failure type="java.lang.IllegalStateException" message="The driver executable must exist: C:\Users\kalyanaramanr\Desktop\VFQ_BOT\rt-bot-local\__DRIVERS\chromedriver.exe">
      <![CDATA[java.lang.IllegalStateException: The driver executable must exist: C:\Users\kalyanaramanr\Desktop\VFQ_BOT\rt-bot-local\__DRIVERS\chromedriver.exe
at org.openqa.selenium.internal.Require$FileStateChecker.isFile(Require.java:315)
at org.openqa.selenium.remote.service.DriverService.checkExecutable(DriverService.java:147)
at org.openqa.selenium.remote.service.DriverService.findExecutable(DriverService.java:142)
at org.openqa.selenium.chrome.ChromeDriverService.access$000(ChromeDriverService.java:38)
at org.openqa.selenium.chrome.ChromeDriverService$Builder.findDefaultExecutable(ChromeDriverService.java:231)
at org.openqa.selenium.remote.service.DriverService$Builder.build(DriverService.java:437)
at org.openqa.selenium.chrome.ChromeDriverService.createDefaultService(ChromeDriverService.java:127)
at org.openqa.selenium.chrome.ChromeDriver.<init>(ChromeDriver.java:46)
at com.tests.examples.MultiBrowser.setup(MultiBrowser.java:25)
at java.base/java.util.ArrayList.forEach(ArrayList.java:1511)
at java.base/java.util.concurrent.FutureTask.run(FutureTask.java:264)
at java.base/java.util.concurrent.ThreadPoolExecutor.runWorker(ThreadPoolExecutor.java:1136)
at java.base/java.util.concurrent.ThreadPoolExecutor$Worker.run(ThreadPoolExecutor.java:635)
at java.base/java.lang.Thread.run(Thread.java:833)
... Removed 18 stack frames]]>
    </failure>
  </testcase> <!-- setup -->
</testsuite> <!-- Multiple Browser Test1 -->
